[2013-02-23 21:46:14] START
[2013-02-23 21:46:14] EDIT MyBioDb/models/config.py: 0
[2013-03-05 15:09:20] EDIT MyBioDb/models/biodb.py: 0
[2013-03-05 15:11:44] EDIT MyBioDb/controllers/default.py: 0
[2013-03-12 09:39:57] EDIT MyBioDb/models/biodb.py: 0
[2013-03-12 09:41:20] EDIT MyBioDb/controllers/default.py: 1
[2013-03-12 09:44:40] EDIT MyBioDb/controllers/default.py: 1
[2013-03-12 09:45:35] EDIT MyBioDb/controllers/default.py: -2
[2013-03-12 09:45:56] EDIT MyBioDb/controllers/default.py: 0
[2013-03-12 10:00:39] EDIT MyBioDb/controllers/default.py: 2
[2013-03-12 10:01:28] EDIT MyBioDb/controllers/default.py: 1
[2013-03-12 10:06:58] EDIT MyBioDb/controllers/default.py: 0
[2013-03-12 10:07:55] EDIT MyBioDb/controllers/default.py: 3
[2013-03-12 10:08:18] EDIT MyBioDb/controllers/default.py: 0
[2013-03-12 10:11:05] EDIT MyBioDb/controllers/default.py: -3
[2013-03-12 10:12:08] EDIT MyBioDb/controllers/default.py: -1
[2013-03-14 00:34:31] EDIT MyBioDb/views/layout.html: 9
[2013-03-14 00:37:39] EDIT MyBioDb/controllers/search.py: 3
[2013-03-14 00:38:12] EDIT MyBioDb/views/layout.html: 0
[2013-03-14 00:38:37] EDIT MyBioDb/controllers/search.py: 0
[2013-03-14 00:40:16] EDIT MyBioDb/views/layout.html: 0
[2013-03-14 00:41:42] EDIT MyBioDb/controllers/search.py: 1
[2013-03-14 00:44:49] EDIT MyBioDb/controllers/search.py: 0
[2013-03-14 00:53:57] EDIT MyBioDb/controllers/search.py: 24
[2013-03-14 00:54:42] EDIT MyBioDb/controllers/search.py: 0
[2013-03-14 00:56:32] EDIT MyBioDb/controllers/search.py: 0
[2013-03-14 00:56:39] EDIT MyBioDb/controllers/search.py: 0
[2013-03-14 00:58:27] EDIT MyBioDb/controllers/search.py: 0
[2013-03-14 00:59:47] EDIT MyBioDb/controllers/search.py: 0
[2013-03-14 01:00:25] EDIT MyBioDb/controllers/search.py: 1
[2013-03-14 01:03:11] EDIT MyBioDb/controllers/search.py: -5
[2013-03-14 01:04:59] EDIT MyBioDb/controllers/search.py: 5
[2013-03-14 01:05:29] EDIT MyBioDb/controllers/search.py: 0
[2013-03-14 01:10:01] EDIT MyBioDb/views/layout.html: 5
[2013-03-14 01:12:20] EDIT MyBioDb/views/layout.html: 0
[2013-03-14 01:13:37] EDIT MyBioDb/views/layout.html: 0
[2013-03-14 01:18:22] EDIT MyBioDb/views/layout.html: 0
[2013-03-14 01:19:06] EDIT MyBioDb/views/layout.html: 0
[2013-03-14 01:20:51] EDIT MyBioDb/views/layout.html: 2
[2013-03-14 01:22:19] EDIT MyBioDb/views/layout.html: 0
[2013-03-14 01:22:21] EDIT MyBioDb/views/layout.html: 0
[2013-03-14 01:23:01] EDIT MyBioDb/views/layout.html: -1
